0 info it worked if it ends with ok
1 verbose cli [ '/home/kyanesdev/.nvm/v0.10.32/bin/node',
1 verbose cli   '/home/kyanesdev/.nvm/v0.10.32/bin/npm',
1 verbose cli   'run',
1 verbose cli   'start' ]
2 info using npm@1.4.28
3 info using node@v0.10.32
4 verbose run-script [ 'prestart', 'start', 'poststart' ]
5 info prestart climatic-change-api@1.0.0
6 info start climatic-change-api@1.0.0
7 verbose unsafe-perm in lifecycle true
8 info climatic-change-api@1.0.0 Failed to exec start script
9 error climatic-change-api@1.0.0 start: `nodemon app.js`
9 error Exit status 8
10 error Failed at the climatic-change-api@1.0.0 start script.
10 error This is most likely a problem with the climatic-change-api package,
10 error not with npm itself.
10 error Tell the author that this fails on your system:
10 error     nodemon app.js
10 error You can get their info via:
10 error     npm owner ls climatic-change-api
10 error There is likely additional logging output above.
11 error System Linux 5.11.0-38-generic
12 error command "/home/kyanesdev/.nvm/v0.10.32/bin/node" "/home/kyanesdev/.nvm/v0.10.32/bin/npm" "run" "start"
13 error cwd /home/kyanesdev/Proyectos/Climatic-change-API
14 error node -v v0.10.32
15 error npm -v 1.4.28
16 error code ELIFECYCLE
17 verbose exit [ 1, true ]
